ď»ż
> krafted-furniture@0.1.0 build
> next build

node.exe : [baseline-browser-mapping] The data in this 
module is over two months old.  To ensure accurate Baseline 
data, please update: `npm i baseline-browser-mapping@latest 
-D`
At line:1 char:1
+ & "C:\Program Files\nodejs/node.exe" "C:\Program 
Files\nodejs/node_mo ...
+ ~~~~~~~~~~~~~~~~~~~~~~~~~~~~~~~~~~~~~~~~~~~~~~~~~~~~~~~~~~~
~~~~~~~~~~
    + CategoryInfo          : NotSpecified: ([baseline-brows 
   ...ping@latest -D`:String) [], RemoteException
    + FullyQualifiedErrorId : NativeCommandError
 
   Î“Ă»â–“ Next.js 16.0.11 (Turbopack)
   - Environments: .env

 Î“ĂśĂˇ The "middleware" file convention is deprecated. Please 
use "proxy" instead. Learn more: 
https://nextjs.org/docs/messages/middleware-to-proxy
   Creating an optimized production build ...
[baseline-browser-mapping] The data in this module is over 
two months old.  To ensure accurate Baseline data, please 
update: `npm i baseline-browser-mapping@latest -D`
 Î“ÂŁĂ´ Compiled successfully in 27.2s
   Running TypeScript ...
   Collecting page data using 7 workers ...
[baseline-browser-mapping] The data in this module is over 
two months old.  To ensure accurate Baseline data, please 
update: `npm i baseline-browser-mapping@latest -D`
[baseline-browser-mapping] The data in this module is over 
two months old.  To ensure accurate Baseline data, please 
update: `npm i baseline-browser-mapping@latest -D`
[baseline-browser-mapping] The data in this module is over 
two months old.  To ensure accurate Baseline data, please 
update: `npm i baseline-browser-mapping@latest -D`
[baseline-browser-mapping] The data in this module is over 
two months old.  To ensure accurate Baseline data, please 
update: `npm i baseline-browser-mapping@latest -D`
[baseline-browser-mapping] The data in this module is over 
two months old.  To ensure accurate Baseline data, please 
update: `npm i baseline-browser-mapping@latest -D`
[baseline-browser-mapping] The data in this module is over 
two months old.  To ensure accurate Baseline data, please 
update: `npm i baseline-browser-mapping@latest -D`
[baseline-browser-mapping] The data in this module is over 
two months old.  To ensure accurate Baseline data, please 
update: `npm i baseline-browser-mapping@latest -D`
   Generating static pages using 7 workers (0/66) ...
[baseline-browser-mapping] The data in this module is over 
two months old.  To ensure accurate Baseline data, please 
update: `npm i baseline-browser-mapping@latest -D`
[baseline-browser-mapping] The data in this module is over 
two months old.  To ensure accurate Baseline data, please 
update: `npm i baseline-browser-mapping@latest -D`
[baseline-browser-mapping] The data in this module is over 
two months old.  To ensure accurate Baseline data, please 
update: `npm i baseline-browser-mapping@latest -D`
   Generating static pages using 7 workers (16/66) 
â‰ˇĆ’Ă®Ă‰ i18next is maintained with support from locize.com Î“Ă‡Ă¶ consider powering your project with managed localization (AI, CDN, integrations): https://locize.com â‰ˇĆ’Ă†Ă–
â‰ˇĆ’Ă®Ă‰ i18next is maintained with support from locize.com Î“Ă‡Ă¶ consider powering your project with managed localization (AI, CDN, integrations): https://locize.com â‰ˇĆ’Ă†Ă–
â‰ˇĆ’Ă®Ă‰ i18next is maintained with support from locize.com Î“Ă‡Ă¶ consider powering your project with managed localization (AI, CDN, integrations): https://locize.com â‰ˇĆ’Ă†Ă–
   Generating static pages using 7 workers (32/66) 
   Generating static pages using 7 workers (49/66) 
 Î“ÂŁĂ´ Generating static pages using 7 workers (66/66) in 4.5s
   Finalizing page optimization ...

Route (app)
Î“Ă¶Ă® Î“ĂąĂŻ /
Î“Ă¶ÂŁ Î“ĂąĂŻ /_not-found
Î“Ă¶ÂŁ Î“ĂąĂŻ /about
Î“Ă¶ÂŁ â•žĂ† /admin
Î“Ă¶ÂŁ â•žĂ† /admin/categories
Î“Ă¶ÂŁ â•žĂ† /admin/categories/add
Î“Ă¶ÂŁ â•žĂ† /admin/orders
Î“Ă¶ÂŁ â•žĂ† /admin/orders/track/[id]
Î“Ă¶ÂŁ â•žĂ† /admin/payments
Î“Ă¶ÂŁ Î“ĂąĂŻ /admin/performance
Î“Ă¶ÂŁ â•žĂ† /admin/products
Î“Ă¶ÂŁ â•žĂ† /admin/products/[id]/edit
Î“Ă¶ÂŁ â•žĂ† /admin/products/add
Î“Ă¶ÂŁ Î“ĂąĂŻ /admin/reports
Î“Ă¶ÂŁ â•žĂ† /admin/users
Î“Ă¶ÂŁ â•žĂ† /api/admin/analytics
Î“Ă¶ÂŁ â•žĂ† /api/admin/categories/top
Î“Ă¶ÂŁ â•žĂ† /api/admin/notifications
Î“Ă¶ÂŁ â•žĂ† /api/admin/orders
Î“Ă¶ÂŁ â•žĂ† /api/admin/orders/search
Î“Ă¶ÂŁ â•žĂ† /api/admin/payments/failed
Î“Ă¶ÂŁ â•žĂ† /api/admin/reports
Î“Ă¶ÂŁ â•žĂ† /api/admin/sales-chart
Î“Ă¶ÂŁ â•žĂ† /api/admin/stats
Î“Ă¶ÂŁ â•žĂ† /api/auth/[...nextauth]
Î“Ă¶ÂŁ â•žĂ† /api/auth/forgot-password
Î“Ă¶ÂŁ â•žĂ† /api/auth/register
Î“Ă¶ÂŁ â•žĂ† /api/auth/reset-password
Î“Ă¶ÂŁ â•žĂ† /api/auth/validate-reset-token
Î“Ă¶ÂŁ â•žĂ† /api/cart
Î“Ă¶ÂŁ â•žĂ† /api/cart/[itemId]
Î“Ă¶ÂŁ â•žĂ† /api/cart/count
Î“Ă¶ÂŁ â•žĂ† /api/categories
Î“Ă¶ÂŁ â•žĂ† /api/categories/[slug]
Î“Ă¶ÂŁ â•žĂ† /api/categories/add
Î“Ă¶ÂŁ â•žĂ† /api/colors
Î“Ă¶ÂŁ â•žĂ† /api/colors/[id]
Î“Ă¶ÂŁ â•žĂ† /api/images/add
Î“Ă¶ÂŁ â•žĂ† /api/orders
Î“Ă¶ÂŁ â•žĂ† /api/orders/[id]
Î“Ă¶ÂŁ â•žĂ† /api/orders/[id]/cancel
Î“Ă¶ÂŁ â•žĂ† /api/payments
Î“Ă¶ÂŁ â•žĂ† /api/payments/verify
Î“Ă¶ÂŁ â•žĂ† /api/payments/webhook/razorpay
Î“Ă¶ÂŁ â•žĂ† /api/payments/webhook/stripe
Î“Ă¶ÂŁ â•žĂ† /api/products
Î“Ă¶ÂŁ â•žĂ† /api/products/[id]
Î“Ă¶ÂŁ â•žĂ† /api/products/[id]/reviews
Î“Ă¶ÂŁ â•žĂ† /api/products/add
Î“Ă¶ÂŁ â•žĂ† /api/products/featured
Î“Ă¶ÂŁ â•žĂ† /api/products/new-arrivals
Î“Ă¶ÂŁ â•žĂ† /api/products/related
Î“Ă¶ÂŁ â•žĂ† /api/products/search
Î“Ă¶ÂŁ â•žĂ† /api/products/search/[slug]
Î“Ă¶ÂŁ â•žĂ† /api/reviews/[id]
Î“Ă¶ÂŁ â•žĂ† /api/test
Î“Ă¶ÂŁ â•žĂ† /api/upload
Î“Ă¶ÂŁ â•žĂ† /api/users
Î“Ă¶ÂŁ â•žĂ† /api/users/addresses
Î“Ă¶ÂŁ â•žĂ† /api/users/addresses/[id]
Î“Ă¶ÂŁ â•žĂ† /api/users/profile
Î“Ă¶ÂŁ â•žĂ† /api/users/register
Î“Ă¶ÂŁ â•žĂ† /api/wishlist
Î“Ă¶ÂŁ â•žĂ† /api/wishlist/[productId]
Î“Ă¶ÂŁ Î“ĂąĂŻ /auth/error
Î“Ă¶ÂŁ Î“ĂąĂŻ /auth/forgot-password
Î“Ă¶ÂŁ Î“ĂąĂŻ /auth/reset-password
Î“Ă¶ÂŁ Î“ĂąĂŻ /auth/success
Î“Ă¶ÂŁ â•žĂ† /cart
Î“Ă¶ÂŁ â•žĂ† /categories
Î“Ă¶ÂŁ â•žĂ† /categories/[slug]
Î“Ă¶ÂŁ â•žĂ† /checkout
Î“Ă¶ÂŁ Î“ĂąĂŻ /checkout/address/add
Î“Ă¶ÂŁ â•žĂ† /checkout/failed
Î“Ă¶ÂŁ â•žĂ† /checkout/success
Î“Ă¶ÂŁ Î“ĂąĂŻ /contact
Î“Ă¶ÂŁ Î“ĂąĂŻ /faq
Î“Ă¶ÂŁ Î“ĂąĂŻ /product
Î“Ă¶ÂŁ â•žĂ† /product/[slug]
Î“Ă¶ÂŁ â•žĂ† /profile
Î“Ă¶ÂŁ â•žĂ† /profile/addresses/add
Î“Ă¶ÂŁ â•žĂ† /profile/orders
Î“Ă¶ÂŁ â•žĂ† /profile/orders/[id]
Î“Ă¶ÂŁ Î“ĂąĂŻ /profile/settings
Î“Ă¶ÂŁ â•žĂ† /sale
Î“Ă¶ÂŁ Î“ĂąĂŻ /search
Î“Ă¶ÂŁ Î“ĂąĂŻ /search/results
Î“Ă¶ÂŁ Î“ĂąĂŻ /shipping
Î“Ă¶ÂŁ â•žĂ† /shop
Î“Ă¶ÂŁ Î“ĂąĂŻ /terms
Î“Ă¶ÂŁ Î“ĂąĂŻ /user/login
Î“Ă¶ÂŁ Î“ĂąĂŻ /user/register
Î“Ă¶Ă¶ â•žĂ† /wishlist


â•žĂ† Proxy (Middleware)

Î“ĂąĂŻ  (Static)   prerendered as static content
â•žĂ†  (Dynamic)  server-rendered on demand

